make --dry-run --always-make --keep-going --print-directory
make: Entering directory '/mnt/nfs/homes/emtran/Desktop/42_cub3d'
mkdir -p objs/
cc -MMD -g -Wall -Werror -Wextra -I includes -o objs/main.o -c srcs/main.c
mkdir -p objs/check/
cc -MMD -g -Wall -Werror -Wextra -I includes -o objs/check/check_celling_floor.o -c srcs/check/check_celling_floor.c
mkdir -p objs/check/
cc -MMD -g -Wall -Werror -Wextra -I includes -o objs/check/check_file.o -c srcs/check/check_file.c
mkdir -p objs/check/
cc -MMD -g -Wall -Werror -Wextra -I includes -o objs/check/check_map.o -c srcs/check/check_map.c
mkdir -p objs/check/
cc -MMD -g -Wall -Werror -Wextra -I includes -o objs/check/check_order_in_file.o -c srcs/check/check_order_in_file.c
mkdir -p objs/check/
cc -MMD -g -Wall -Werror -Wextra -I includes -o objs/check/check_peppa.o -c srcs/check/check_peppa.c
mkdir -p objs/check/
cc -MMD -g -Wall -Werror -Wextra -I includes -o objs/check/check_rgb.o -c srcs/check/check_rgb.c
mkdir -p objs/check/
cc -MMD -g -Wall -Werror -Wextra -I includes -o objs/check/check_walls.o -c srcs/check/check_walls.c
mkdir -p objs/errors/
cc -MMD -g -Wall -Werror -Wextra -I includes -o objs/errors/print_error.o -c srcs/errors/print_error.c
mkdir -p objs/free/
cc -MMD -g -Wall -Werror -Wextra -I includes -o objs/free/free.o -c srcs/free/free.c
mkdir -p objs/free/
cc -MMD -g -Wall -Werror -Wextra -I includes -o objs/free/free_img.o -c srcs/free/free_img.c
mkdir -p objs/free/
cc -MMD -g -Wall -Werror -Wextra -I includes -o objs/free/free_structs.o -c srcs/free/free_structs.c
mkdir -p objs/free/
cc -MMD -g -Wall -Werror -Wextra -I includes -o objs/free/free_utils.o -c srcs/free/free_utils.c
mkdir -p objs/game/
cc -MMD -g -Wall -Werror -Wextra -I includes -o objs/game/camera.o -c srcs/game/camera.c
mkdir -p objs/game/
cc -MMD -g -Wall -Werror -Wextra -I includes -o objs/game/introduction.o -c srcs/game/introduction.c
mkdir -p objs/game/
cc -MMD -g -Wall -Werror -Wextra -I includes -o objs/game/keys.o -c srcs/game/keys.c
mkdir -p objs/game/
cc -MMD -g -Wall -Werror -Wextra -I includes -o objs/game/move.o -c srcs/game/move.c
mkdir -p objs/game/
cc -MMD -g -Wall -Werror -Wextra -I includes -o objs/game/transformation.o -c srcs/game/transformation.c
mkdir -p objs/images/
cc -MMD -g -Wall -Werror -Wextra -I includes -o objs/images/assign_img.o -c srcs/images/assign_img.c
mkdir -p objs/images/
cc -MMD -g -Wall -Werror -Wextra -I includes -o objs/images/map.o -c srcs/images/map.c
mkdir -p objs/init/
cc -MMD -g -Wall -Werror -Wextra -I includes -o objs/init/init_game.o -c srcs/init/init_game.c
mkdir -p objs/init/
cc -MMD -g -Wall -Werror -Wextra -I includes -o objs/init/init_img.o -c srcs/init/init_img.c
mkdir -p objs/init/
cc -MMD -g -Wall -Werror -Wextra -I includes -o objs/init/init_map.o -c srcs/init/init_map.c
mkdir -p objs/init/
cc -MMD -g -Wall -Werror -Wextra -I includes -o objs/init/init_structs.o -c srcs/init/init_structs.c
mkdir -p objs/init/
cc -MMD -g -Wall -Werror -Wextra -I includes -o objs/init/init_structs2.o -c srcs/init/init_structs2.c
mkdir -p objs/map/
cc -MMD -g -Wall -Werror -Wextra -I includes -o objs/map/draw_map.o -c srcs/map/draw_map.c
mkdir -p objs/map/
cc -MMD -g -Wall -Werror -Wextra -I includes -o objs/map/draw_lines.o -c srcs/map/draw_lines.c
mkdir -p objs/map/
cc -MMD -g -Wall -Werror -Wextra -I includes -o objs/map/verifications.o -c srcs/map/verifications.c
mkdir -p objs/maths/
cc -MMD -g -Wall -Werror -Wextra -I includes -o objs/maths/find_size.o -c srcs/maths/find_size.c
mkdir -p objs/parsing/
cc -MMD -g -Wall -Werror -Wextra -I includes -o objs/parsing/collect_celling_floor.o -c srcs/parsing/collect_celling_floor.c
mkdir -p objs/parsing/
cc -MMD -g -Wall -Werror -Wextra -I includes -o objs/parsing/collect_file.o -c srcs/parsing/collect_file.c
mkdir -p objs/parsing/
cc -MMD -g -Wall -Werror -Wextra -I includes -o objs/parsing/collect_map.o -c srcs/parsing/collect_map.c
mkdir -p objs/parsing/
cc -MMD -g -Wall -Werror -Wextra -I includes -o objs/parsing/collect_map_lines.o -c srcs/parsing/collect_map_lines.c
mkdir -p objs/parsing/
cc -MMD -g -Wall -Werror -Wextra -I includes -o objs/parsing/collect_walls.o -c srcs/parsing/collect_walls.c
mkdir -p objs/raycasting/
cc -MMD -g -Wall -Werror -Wextra -I includes -o objs/raycasting/init.o -c srcs/raycasting/init.c
mkdir -p objs/raycasting/
cc -MMD -g -Wall -Werror -Wextra -I includes -o objs/raycasting/draw.o -c srcs/raycasting/draw.c
mkdir -p objs/raycasting/
cc -MMD -g -Wall -Werror -Wextra -I includes -o objs/raycasting/raycasting.o -c srcs/raycasting/raycasting.c
mkdir -p objs/raycasting/
cc -MMD -g -Wall -Werror -Wextra -I includes -o objs/raycasting/set_view.o -c srcs/raycasting/set_view.c
mkdir -p objs/raycasting/
cc -MMD -g -Wall -Werror -Wextra -I includes -o objs/raycasting/textures.o -c srcs/raycasting/textures.c
mkdir -p objs/utils/
cc -MMD -g -Wall -Werror -Wextra -I includes -o objs/utils/recognize_elements.o -c srcs/utils/recognize_elements.c
mkdir -p objs/utils/
cc -MMD -g -Wall -Werror -Wextra -I includes -o objs/utils/utils_digits.o -c srcs/utils/utils_digits.c
mkdir -p objs/utils/
cc -MMD -g -Wall -Werror -Wextra -I includes -o objs/utils/utils_dtab.o -c srcs/utils/utils_dtab.c
mkdir -p objs/utils/
cc -MMD -g -Wall -Werror -Wextra -I includes -o objs/utils/utils_gnl.o -c srcs/utils/utils_gnl.c
mkdir -p objs/utils/
cc -MMD -g -Wall -Werror -Wextra -I includes -o objs/utils/utils_is.o -c srcs/utils/utils_is.c
mkdir -p objs/utils/
cc -MMD -g -Wall -Werror -Wextra -I includes -o objs/utils/utils_is2.o -c srcs/utils/utils_is2.c
mkdir -p objs/utils/
cc -MMD -g -Wall -Werror -Wextra -I includes -o objs/utils/utils_mem.o -c srcs/utils/utils_mem.c
mkdir -p objs/utils/
cc -MMD -g -Wall -Werror -Wextra -I includes -o objs/utils/utils_split.o -c srcs/utils/utils_split.c
mkdir -p objs/utils/
cc -MMD -g -Wall -Werror -Wextra -I includes -o objs/utils/utils_split_charset.o -c srcs/utils/utils_split_charset.c
mkdir -p objs/utils/
cc -MMD -g -Wall -Werror -Wextra -I includes -o objs/utils/utils_str.o -c srcs/utils/utils_str.c
mkdir -p objs/utils/
cc -MMD -g -Wall -Werror -Wextra -I includes -o objs/utils/utils_str2.o -c srcs/utils/utils_str2.c
mkdir -p objs/utils/
cc -MMD -g -Wall -Werror -Wextra -I includes -o objs/utils/utils_str3.o -c srcs/utils/utils_str3.c
mkdir -p objs/utils/
cc -MMD -g -Wall -Werror -Wextra -I includes -o objs/utils/utils_write.o -c srcs/utils/utils_write.c
make -C ./mlx
cc -g -Wall -Werror -Wextra -I includes objs/main.o objs/check/check_celling_floor.o objs/check/check_file.o objs/check/check_map.o objs/check/check_order_in_file.o objs/check/check_peppa.o objs/check/check_rgb.o objs/check/check_walls.o objs/errors/print_error.o objs/free/free.o objs/free/free_img.o objs/free/free_structs.o objs/free/free_utils.o objs/game/camera.o objs/game/introduction.o objs/game/keys.o objs/game/move.o objs/game/transformation.o objs/images/assign_img.o objs/images/map.o objs/init/init_game.o objs/init/init_img.o objs/init/init_map.o objs/init/init_structs.o objs/init/init_structs2.o objs/map/draw_map.o objs/map/draw_lines.o objs/map/verifications.o objs/maths/find_size.o objs/parsing/collect_celling_floor.o objs/parsing/collect_file.o objs/parsing/collect_map.o objs/parsing/collect_map_lines.o objs/parsing/collect_walls.o objs/raycasting/init.o objs/raycasting/draw.o objs/raycasting/raycasting.o objs/raycasting/set_view.o objs/raycasting/textures.o objs/utils/recognize_elements.o objs/utils/utils_digits.o objs/utils/utils_dtab.o objs/utils/utils_gnl.o objs/utils/utils_is.o objs/utils/utils_is2.o objs/utils/utils_mem.o objs/utils/utils_split.o objs/utils/utils_split_charset.o objs/utils/utils_str.o objs/utils/utils_str2.o objs/utils/utils_str3.o objs/utils/utils_write.o -o cub3D -ldl -lmlx -Lmlx -lm -lXext -lX11 -Imlx mlx/libmlx.a
printf "\n\033[0;32m████████████████████████████████████████████████████████  ✨ ✨ ✨  C'EST MERVEILLEUSEMENT BIEN COMPILE  ✨ ✨ ✨  █████████████████████████████████████████████\e[0m"
printf	"\n\n\n"
printf "\033[0;100m          \e[0m\033[0;40m  \e[0m\033[0;100m          \e[0m\033[0;40m  \e[0m\033[0;100m          \e[0m\033[0;40m  \e[0m\033[0;100m          \e[0m\033[0;40m  \e[0m\033[0;100m          \e[0m\033[0;40m  \e[0m\033[0;100m          \e[0m\033[0;40m  \e[0m\033[0;100m          \e[0m\033[0;40m  \e[0m\033[0;100m          \e[0m\033[0;40m  \e[0m\033[0;100m          \e[0m\033[0;40m  \e[0m\033[0;100m          \e[0m\033[0;40m  \e[0m\033[0;100m          \e[0m\033[0;40m  \e[0m\033[0;100m          \e[0m\033[0;40m  \e[0m\033[0;100m          \e[0m\033[0;40m  \e[0m\033[0;100m    \e[0m\n"
printf "\033[0;100m          \e[0m\033[0;40m  \e[0m\033[0;100m          \e[0m\033[0;40m  \e[0m\033[0;100m          \e[0m\033[0;40m  \e[0m\033[0;100m          \e[0m\033[0;40m  \e[0m\033[0;100m          \e[0m\033[0;40m  \e[0m\033[0;100m          \e[0m\033[0;40m  \e[0m\033[0;100m          \e[0m\033[0;40m  \e[0m\033[0;100m          \e[0m\033[0;40m  \e[0m\033[0;100m          \e[0m\033[0;40m  \e[0m\033[0;100m          \e[0m\033[0;40m  \e[0m\033[0;100m          \e[0m\033[0;40m  \e[0m\033[0;100m          \e[0m\033[0;40m  \e[0m\033[0;100m          \e[0m\033[0;40m  \e[0m\033[0;100m    \e[0m\n"
printf "\033[0;40m                                                                                                                                                                \e[0m\n"
printf "\033[0;100m    \e[0m\033[0;40m  \e[0m\033[0;100m          \e[0m\033[0;40m  \e[0m\033[0;100m          \e[0m\033[0;40m  \e[0m\033[0;100m          \e[0m\033[0;40m  \e[0m\033[0;100m          \e[0m\033[0;40m  \e[0m\033[0;100m          \e[0m\033[0;40m  \e[0m\033[0;100m          \e[0m\033[0;40m  \e[0m\033[0;100m          \e[0m\033[0;40m  \e[0m\033[0;100m          \e[0m\033[0;40m  \e[0m\033[0;100m          \e[0m\033[0;40m  \e[0m\033[0;100m          \e[0m\033[0;40m  \e[0m\033[0;100m          \e[0m\033[0;40m  \e[0m\033[0;100m          \e[0m\033[0;40m  \e[0m\033[0;100m          \e[0m\n"
printf "\033[0;100m    \e[0m\033[0;40m  \e[0m\033[0;100m          \e[0m\033[0;40m  \e[0m\033[0;100m          \e[0m\033[0;40m  \e[0m\033[0;100m    \e[0m\033[0;40m    \e[0m\033[0;100m  \e[0m\033[0;40m  \e[0m\033[0;100m  \e[0m\033[0;40m    \e[0m\033[0;100m    \e[0m\033[0;40m  \e[0m\033[0;100m          \e[0m\033[0;40m  \e[0m\033[0;100m          \e[0m\033[0;40m  \e[0m\033[0;100m          \e[0m\033[0;40m  \e[0m\033[0;100m          \e[0m\033[0;40m  \e[0m\033[0;100m          \e[0m\033[0;40m  \e[0m\033[0;100m          \e[0m\033[0;40m  \e[0m\033[0;100m          \e[0m\033[0;40m  \e[0m\033[0;100m          \e[0m\033[0;40m  \e[0m\033[0;100m          \e[0m\n"
printf "\033[0;40m                                  \e[0m\033[0;100m  \e[0m\033[0;40m        \e[0m\033[0;100m  \e[0m\033[0;40m                                                                                                                  \e[0m\n"
printf "\033[0;100m          \e[0m\033[0;40m  \e[0m\033[0;100m          \e[0m\033[0;40m  \e[0m\033[0;100m          \e[0m\033[0;45m  \e[0m\033[0;100m        \e[0m\033[0;45m  \e[0m\033[0;40m  \e[0m\033[0;100m          \e[0m\033[0;40m  \e[0m\033[0;100m          \e[0m\033[0;40m  \e[0m\033[0;100m          \e[0m\033[0;40m  \e[0m\033[0;100m          \e[0m\033[0;40m  \e[0m\033[0;100m          \e[0m\033[0;40m  \e[0m\033[0;100m          \e[0m\033[0;40m  \e[0m\033[0;100m          \e[0m\033[0;40m  \e[0m\033[0;100m          \e[0m\033[0;40m  \e[0m\033[0;100m          \e[0m\033[0;40m  \e[0m\033[0;100m    \e[0m\n"
printf "\033[0;100m          \e[0m\033[0;40m  \e[0m\033[0;100m          \e[0m\033[0;40m  \e[0m\033[0;100m          \e[0m\033[0;45m  \e[0m\033[0;100m        \e[0m\033[0;45m  \e[0m\033[0;40m  \e[0m\033[0;100m          \e[0m\033[0;40m  \e[0m\033[0;100m          \e[0m\033[0;40m  \e[0m\033[0;100m          \e[0m\033[0;40m  \e[0m\033[0;100m          \e[0m\033[0;40m  \e[0m\033[0;100m          \e[0m\033[0;40m  \e[0m\033[0;100m          \e[0m\033[0;40m  \e[0m\033[0;100m          \e[0m\033[0;40m  \e[0m\033[0;100m          \e[0m\033[0;40m  \e[0m\033[0;100m          \e[0m\033[0;40m  \e[0m\033[0;100m    \e[0m\n"
printf "\033[0;40m                            \e[0m\033[0;41m                        \e[0m\033[0;40m                                                                                                            \e[0m\n"
printf "\033[0;100m    \e[0m\033[0;40m  \e[0m\033[0;100m          \e[0m\033[0;40m  \e[0m\033[0;100m          \e[0m\033[0;41m                        \e[0m\033[0;40m  \e[0m\033[0;100m          \e[0m\033[0;40m  \e[0m\033[0;100m          \e[0m\033[0;40m  \e[0m\033[0;100m          \e[0m\033[0;40m  \e[0m\033[0;100m          \e[0m\033[0;40m  \e[0m\033[0;100m          \e[0m\033[0;40m  \e[0m\033[0;100m          \e[0m\033[0;40m  \e[0m\033[0;100m          \e[0m\033[0;40m  \e[0m\033[0;100m          \e[0m\033[0;40m  \e[0m\033[0;100m          \e[0m\n"
printf "\033[0;100m    \e[0m\033[0;40m  \e[0m\033[0;100m          \e[0m\033[0;40m  \e[0m\033[0;100m          \e[0m\033[0;41m                        \e[0m\033[0;40m  \e[0m\033[0;100m          \e[0m\033[0;40m  \e[0m\033[0;100m          \e[0m\033[0;40m  \e[0m\033[0;100m          \e[0m\033[0;40m  \e[0m\033[0;100m          \e[0m\033[0;40m  \e[0m\033[0;100m          \e[0m\033[0;40m  \e[0m\033[0;100m          \e[0m\033[0;40m  \e[0m\033[0;100m          \e[0m\033[0;40m  \e[0m\033[0;100m          \e[0m\033[0;40m  \e[0m\033[0;100m          \e[0m\n"
printf "\033[0;40m                            \e[0m\033[0;41m                        \e[0m\033[0;40m                                                                                                            \e[0m\n"
printf "\033[0;100m          \e[0m\033[0;40m  \e[0m\033[0;100m          \e[0m\033[0;40m  \e[0m\033[0;100m      \e[0m\033[0;41m                    \e[0m\033[0;100m        \e[0m\033[0;40m  \e[0m\033[0;100m          \e[0m\033[0;40m  \e[0m\033[0;100m          \e[0m\033[0;40m  \e[0m\033[0;100m          \e[0m\033[0;40m  \e[0m\033[0;100m          \e[0m\033[0;40m  \e[0m\033[0;100m    \e[0m\033[0;40m                      \e[0m\033[0;100m        \e[0m\033[0;40m  \e[0m\033[0;100m          \e[0m\033[0;40m  \e[0m\033[0;100m    \e[0m\n"
printf "\033[0;100m          \e[0m\033[0;40m  \e[0m\033[0;100m        \e[0m\033[0;45m    \e[0m\033[0;100m  \e[0m\033[0;45m    \e[0m\033[0;41m      \e[0m\033[0;40m        \e[0m\033[0;41m      \e[0m\033[0;45m    \e[0m\033[0;100m  \e[0m\033[0;45m    \e[0m\033[0;100m          \e[0m\033[0;40m  \e[0m\033[0;100m          \e[0m\033[0;40m  \e[0m\033[0;100m          \e[0m\033[0;40m  \e[0m\033[0;100m          \e[0m\033[0;40m  \e[0m\033[0;100m    \e[0m\033[0;40m                      \e[0m\033[0;100m        \e[0m\033[0;40m  \e[0m\033[0;100m          \e[0m\033[0;40m  \e[0m\033[0;100m    \e[0m\n"
printf "\033[0;40m                      \e[0m\033[0;45m  \e[0m\033[0;40m            \e[0m\033[0;45m        \e[0m\033[0;40m            \e[0m\033[0;45m  \e[0m\033[0;40m                                                        \e[0m\033[0;43m                \e[0m\033[0;40m                              \e[0m\n"
printf "\033[0;100m    \e[0m\033[0;40m  \e[0m\033[0;100m          \e[0m\033[0;40m  \e[0m\033[0;100m            \e[0m\033[0;40m  \e[0m\033[0;45m      \e[0m\033[0;40m  \e[0m\033[0;45m        \e[0m\033[0;40m  \e[0m\033[0;100m              \e[0m\033[0;40m  \e[0m\033[0;100m          \e[0m\033[0;40m  \e[0m\033[0;100m          \e[0m\033[0;40m  \e[0m\033[0;100m          \e[0m\033[0;40m  \e[0m\033[0;100m            \e[0m\033[0;43m                \e[0m\033[0;40m    \e[0m\033[0;100m  \e[0m\033[0;40m  \e[0m\033[0;100m          \e[0m\033[0;40m  \e[0m\033[0;100m          \e[0m\n"
printf "\033[0;100m    \e[0m\033[0;40m  \e[0m\033[0;100m          \e[0m\033[0;40m  \e[0m\033[0;100m            \e[0m\033[0;40m  \e[0m\033[0;45m      \e[0m\033[0;40m  \e[0m\033[0;45m    \e[0m\033[0;40m  \e[0m\033[0;45m  \e[0m\033[0;40m  \e[0m\033[0;100m              \e[0m\033[0;40m  \e[0m\033[0;100m          \e[0m\033[0;40m  \e[0m\033[0;100m          \e[0m\033[0;40m  \e[0m\033[0;100m          \e[0m\033[0;40m  \e[0m\033[0;100m            \e[0m\033[0;41m    \e[0m\033[0;43m    \e[0m\033[0;41m    \e[0m\033[0;43m    \e[0m\033[0;40m    \e[0m\033[0;100m  \e[0m\033[0;40m  \e[0m\033[0;100m          \e[0m\033[0;40m  \e[0m\033[0;100m          \e[0m\n"
printf "\033[0;40m                              \e[0m\033[0;45m          \e[0m\033[0;40m    \e[0m\033[0;45m    \e[0m\033[0;40m                                                                  \e[0m\033[0;41m    \e[0m\033[0;43m    \e[0m\033[0;41m    \e[0m\033[0;43m    \e[0m\033[0;40m                              \e[0m\n"
printf "\033[0;100m          \e[0m\033[0;40m  \e[0m\033[0;100m          \e[0m\033[0;40m  \e[0m\033[0;100m  \e[0m\033[0;40m  \e[0m\033[0;45m                    \e[0m\033[0;40m  \e[0m\033[0;100m    \e[0m\033[0;40m  \e[0m\033[0;100m              \e[0m\033[0;40m  \e[0m\033[0;100m          \e[0m\033[0;40m  \e[0m\033[0;100m          \e[0m\033[0;40m  \e[0m\033[0;100m          \e[0m\033[0;40m  \e[0m\033[0;100m      \e[0m\033[0;43m                \e[0m\033[0;40m    \e[0m\033[0;100m        \e[0m\033[0;40m  \e[0m\033[0;100m          \e[0m\033[0;40m  \e[0m\033[0;100m    \e[0m\n"
printf "\033[0;100m          \e[0m\033[0;40m  \e[0m\033[0;100m          \e[0m\033[0;40m  \e[0m\033[0;100m  \e[0m\033[0;40m  \e[0m\033[0;45m        \e[0m\033[0;44m  \e[0m\033[0;45m            \e[0m\033[0;40m  \e[0m\033[0;100m  \e[0m\033[0;40m  \e[0m\033[0;100m              \e[0m\033[0;40m  \e[0m\033[0;100m          \e[0m\033[0;40m  \e[0m\033[0;100m          \e[0m\033[0;40m  \e[0m\033[0;100m          \e[0m\033[0;40m  \e[0m\033[0;100m      \e[0m\033[0;43m                \e[0m\033[0;40m    \e[0m\033[0;100m        \e[0m\033[0;40m  \e[0m\033[0;100m          \e[0m\033[0;40m  \e[0m\033[0;100m    \e[0m\n"
printf "\033[0;40m                              \e[0m\033[0;45m      \e[0m\033[0;107m    \e[0m\033[0;45m  \e[0m\033[0;44m  \e[0m\033[0;45m      \e[0m\033[0;40m                                                                            \e[0m\033[0;43m    \e[0m\033[0;40m                              \e[0m\n"
printf "\033[0;100m    \e[0m\033[0;40m  \e[0m\033[0;100m          \e[0m\033[0;40m  \e[0m\033[0;100m            \e[0m\033[0;40m  \e[0m\033[0;45m    \e[0m\033[0;107m  \e[0m\033[0;40m  \e[0m\033[0;45m  \e[0m\033[0;107m    \e[0m\033[0;45m  \e[0m\033[0;40m  \e[0m\033[0;45m    \e[0m\033[0;40m  \e[0m\033[0;100m        \e[0m\033[0;40m  \e[0m\033[0;100m          \e[0m\033[0;40m  \e[0m\033[0;100m          \e[0m\033[0;40m  \e[0m\033[0;100m          \e[0m\033[0;40m  \e[0m\033[0;100m            \e[0m\033[0;40m            \e[0m\033[0;43m    \e[0m\033[0;40m    \e[0m\033[0;100m  \e[0m\033[0;40m  \e[0m\033[0;100m          \e[0m\033[0;40m  \e[0m\033[0;100m          \e[0m\n"
printf "\033[0;100m    \e[0m\033[0;40m  \e[0m\033[0;100m          \e[0m\033[0;40m  \e[0m\033[0;100m            \e[0m\033[0;40m    \e[0m\033[0;45m        \e[0m\033[0;107m  \e[0m\033[0;40m  \e[0m\033[0;45m  \e[0m\033[0;40m  \e[0m\033[0;41m  \e[0m\033[0;45m  \e[0m\033[0;40m  \e[0m\033[0;100m\e[0m\033[0;100m        \e[0m\033[0;40m  \e[0m\033[0;100m          \e[0m\033[0;40m  \e[0m\033[0;100m          \e[0m\033[0;40m  \e[0m\033[0;100m          \e[0m\033[0;40m  \e[0m\033[0;100m            \e[0m\033[0;40m    \e[0m\033[0;43m    \e[0m\033[0;40m    \e[0m\033[0;43m    \e[0m\033[0;40m    \e[0m\033[0;100m  \e[0m\033[0;40m  \e[0m\033[0;100m          \e[0m\033[0;40m  \e[0m\033[0;100m          \e[0m\n"
printf "\033[0;40m                              \e[0m\033[0;45m    \e[0m\033[0;40m    \e[0m\033[0;45m          \e[0m\033[0;40m  \e[0m\033[0;45m  \e[0m\033[0;41m  \e[0m\033[0;40m                                                                \e[0m\033[0;43m    \e[0m\033[0;40m    \e[0m\033[0;43m    \e[0m\033[0;40m                              \e[0m\n"
printf "\033[0;100m          \e[0m\033[0;40m  \e[0m\033[0;100m          \e[0m\033[0;40m  \e[0m\033[0;100m    \e[0m\033[0;40m  \e[0m\033[0;45m  \e[0m\033[0;40m    \e[0m\033[0;45m  \e[0m\033[0;40m      \e[0m\033[0;45m      \e[0m\033[0;40m  \e[0m\033[0;45m  \e[0m\033[0;40m  \e[0m\033[0;100m              \e[0m\033[0;40m  \e[0m\033[0;100m          \e[0m\033[0;40m  \e[0m\033[0;100m          \e[0m\033[0;40m  \e[0m\033[0;100m          \e[0m\033[0;40m  \e[0m\033[0;100m      \e[0m\033[0;43m                    \e[0m\033[0;100m        \e[0m\033[0;40m  \e[0m\033[0;100m          \e[0m\033[0;40m  \e[0m\033[0;100m    \e[0m\n"
printf "\033[0;100m          \e[0m\033[0;40m  \e[0m\033[0;100m          \e[0m\033[0;40m  \e[0m\033[0;100m      \e[0m\033[0;40m  \e[0m\033[0;100m  \e[0m\033[0;40m  \e[0m\033[0;45m  \e[0m\033[0;40m  \e[0m\033[0;100m    \e[0m\033[0;40m          \e[0m\033[0;100m                \e[0m\033[0;40m  \e[0m\033[0;100m          \e[0m\033[0;40m  \e[0m\033[0;100m          \e[0m\033[0;40m  \e[0m\033[0;100m          \e[0m\033[0;40m  \e[0m\033[0;100m      \e[0m\033[0;43m                    \e[0m\033[0;100m        \e[0m\033[0;40m  \e[0m\033[0;100m          \e[0m\033[0;40m  \e[0m\033[0;100m    \e[0m\n"
printf "\033[0;40m                                                                                                          \e[0m\033[0;107m    \e[0m\033[0;44m    \e[0m\033[0;107m    \e[0m\033[0;43m    \e[0m\033[0;107m    \e[0m\033[0;44m    \e[0m\033[0;41m  \e[0m\033[0;44m  \e[0m\033[0;107m    \e[0m\033[0;40m                      \e[0m\n"
printf "\033[0;100m    \e[0m\033[0;40m  \e[0m\033[0;100m          \e[0m\033[0;40m  \e[0m\033[0;100m          \e[0m\033[0;40m  \e[0m\033[0;100m          \e[0m\033[0;40m  \e[0m\033[0;100m          \e[0m\033[0;40m  \e[0m\033[0;100m          \e[0m\033[0;40m  \e[0m\033[0;100m          \e[0m\033[0;40m  \e[0m\033[0;100m          \e[0m\033[0;40m  \e[0m\033[0;100m          \e[0m\033[0;40m  \e[0m\033[0;100m    \e[0m\033[0;107m    \e[0m\033[0;44m    \e[0m\033[0;107m    \e[0m\033[0;43m    \e[0m\033[0;107m    \e[0m\033[0;44m        \e[0m\033[0;107m    \e[0m\033[0;100m          \e[0m\033[0;40m  \e[0m\033[0;100m          \e[0m\n"
printf "\033[0;100m    \e[0m\033[0;40m  \e[0m\033[0;100m          \e[0m\033[0;40m  \e[0m\033[0;100m          \e[0m\033[0;40m  \e[0m\033[0;100m          \e[0m\033[0;40m  \e[0m\033[0;100m          \e[0m\033[0;40m  \e[0m\033[0;100m          \e[0m\033[0;40m  \e[0m\033[0;100m          \e[0m\033[0;40m  \e[0m\033[0;100m          \e[0m\033[0;40m  \e[0m\033[0;100m          \e[0m\033[0;40m  \e[0m\033[0;107m        \e[0m\033[0;41m  \e[0m\033[0;44m  \e[0m\033[0;107m          \e[0m\033[0;41m  \e[0m\033[0;44m        \e[0m\033[0;107m        \e[0m\033[0;100m      \e[0m\033[0;40m  \e[0m\033[0;100m          \e[0m\n"
printf "\033[0;40m                                                                                                      \e[0m\033[0;107m        \e[0m\033[0;44m    \e[0m\033[0;107m        \e[0m\033[0;107m    \e[0m\033[0;44m  \e[0m\033[0;41m  \e[0m\033[0;44m    \e[0m\033[0;107m        \e[0m\033[0;40m                  \e[0m\n"
printf "\033[0;100m          \e[0m\033[0;40m  \e[0m\033[0;100m          \e[0m\033[0;40m  \e[0m\033[0;100m          \e[0m\033[0;40m  \e[0m\033[0;100m          \e[0m\033[0;40m  \e[0m\033[0;100m          \e[0m\033[0;40m  \e[0m\033[0;100m          \e[0m\033[0;40m  \e[0m\033[0;100m          \e[0m\033[0;40m  \e[0m\033[0;100m          \e[0m\033[0;40m  \e[0m\033[0;100m      \e[0m\033[0;107m  \e[0m\033[0;41m  \e[0m\033[0;107m    \e[0m\033[0;44m                            \e[0m\033[0;107m        \e[0m\033[0;100m        \e[0m\033[0;40m  \e[0m\033[0;100m    \e[0m\n"
printf "\033[0;100m          \e[0m\033[0;40m  \e[0m\033[0;100m        \e[0m\033[0;40m                                        \e[0m\033[0;100m          \e[0m\033[0;40m  \e[0m\033[0;100m          \e[0m\033[0;40m  \e[0m\033[0;100m          \e[0m\033[0;40m  \e[0m\033[0;100m      \e[0m\033[0;107m    \e[0m\033[0;107m    \e[0m\033[0;44m    \e[0m\033[0;41m  \e[0m\033[0;44m                      \e[0m\033[0;107m        \e[0m\033[0;100m        \e[0m\033[0;40m  \e[0m\033[0;100m    \e[0m\n"
printf "\033[0;40m                      \e[0m\033[0;45m          \e[0m\033[0;107m              \e[0m\033[0;45m            \e[0m\033[0;40m                                            \e[0m\033[0;107m    \e[0m\033[0;40m    \e[0m\033[0;44m  \e[0m\033[0;41m  \e[0m\033[0;44m        \e[0m\033[0;41m  \e[0m\033[0;44m              \e[0m\033[0;40m    \e[0m\033[0;107m    \e[0m\033[0;40m              \e[0m\n"
printf "\033[0;100m    \e[0m\033[0;40m  \e[0m\033[0;100m           \e[0m\033[0;40m  \e[0m\033[0;45m             \e[0m\033[0;107m  \e[0m\033[0;41m          \e[0m\033[0;107m  \e[0m\033[0;45m            \e[0m\033[0;40m  \e[0m\033[0;100m    \e[0m\033[0;40m  \e[0m\033[0;100m          \e[0m\033[0;40m  \e[0m\033[0;100m          \e[0m\033[0;40m  \e[0m\033[0;100m          \e[0m\033[0;40m  \e[0m\033[0;107m    \e[0m\033[0;100m    \e[0m\033[0;44m                \e[0m\033[0;41m    \e[0m\033[0;44m        \e[0m\033[0;100m    \e[0m\033[0;107m    \e[0m\033[0;100m  \e[0m\033[0;40m  \e[0m\033[0;100m          \e[0m\n"
printf "\033[0;100m    \e[0m\033[0;40m  \e[0m\033[0;100m             \e[0m\033[0;40m  \e[0m\033[0;45m           \e[0m\033[0;41m  \e[0m\033[0;43m          \e[0m\033[0;41m  \e[0m\033[0;45m          \e[0m\033[0;40m    \e[0m\033[0;100m    \e[0m\033[0;40m  \e[0m\033[0;100m          \e[0m\033[0;40m  \e[0m\033[0;100m          \e[0m\033[0;40m  \e[0m\033[0;100m          \e[0m\033[0;40m  \e[0m\033[0;43m    \e[0m\033[0;100m    \e[0m\033[0;44m        \e[0m\033[0;41m  \e[0m\033[0;44m        \e[0m\033[0;41m  \e[0m\033[0;44m        \e[0m\033[0;100m    \e[0m\033[0;43m    \e[0m\033[0;100m  \e[0m\033[0;40m  \e[0m\033[0;100m          \e[0m\n"
printf "\033[0;40m                     \e[0m\033[0;45m           \e[0m\033[0;107m  \e[0m\033[0;41m          \e[0m\033[0;107m  \e[0m\033[0;45m          \e[0m\033[0;40m                                              \e[0m\033[0;43m    \e[0m\033[0;40m    \e[0m\033[0;44m      \e[0m\033[0;41m          \e[0m\033[0;44m            \e[0m\033[0;40m    \e[0m\033[0;43m    \e[0m\033[0;40m              \e[0m\n"
printf "\033[0;41m                   \e[0m\033[0;40m  \e[0m\033[0;45m           \e[0m\033[0;107m              \e[0m\033[0;45m  \e[0m\033[0;40m  \e[0m\033[0;45m  \e[0m\033[0;40m  \e[0m\033[0;45m  \e[0m\033[0;40m  \e[0m\033[0;41m                                            \e[0m\033[0;43m    \e[0m\033[0;41m    \e[0m\033[0;44m      \e[0m\033[0;41m            \e[0m\033[0;44m          \e[0m\033[0;41m    \e[0m\033[0;43m    \e[0m\033[0;41m              \e[0m\n"
printf "\033[0;41m                   \e[0m\033[0;40m  \e[0m\033[0;45m         \e[0m\033[0;40m        \e[0m\033[0;107m  \e[0m\033[0;40m      \e[0m\033[0;45m    \e[0m\033[0;40m    \e[0m\033[0;45m  \e[0m\033[0;40m  \e[0m\033[0;41m                                            \e[0m\033[0;43m    \e[0m\033[0;41m    \e[0m\033[0;44m  \e[0m\033[0;41m  \e[0m\033[0;44m  \e[0m\033[0;41m            \e[0m\033[0;44m          \e[0m\033[0;41m    \e[0m\033[0;43m    \e[0m\033[0;41m              \e[0m\n"
printf "\033[0;41m                   \e[0m\033[0;40m  \e[0m\033[0;45m       \e[0m\033[0;40m          \e[0m\033[0;107m  \e[0m\033[0;40m    \e[0m\033[0;107m  \e[0m\033[0;40m  \e[0m\033[0;45m  \e[0m\033[0;40m  \e[0m\033[0;45m    \e[0m\033[0;40m  \e[0m\033[0;41m                                            \e[0m\033[0;43m    \e[0m\033[0;40m    \e[0m\033[0;44m        \e[0m\033[0;41m          \e[0m\033[0;44m          \e[0m\033[0;41m    \e[0m\033[0;43m    \e[0m\033[0;41m              \e[0m\n"
printf "\033[0;41m                   \e[0m\033[0;40m  \e[0m\033[0;45m           \e[0m\033[0;107m  \e[0m\033[0;40m    \e[0m\033[0;41m  \e[0m\033[0;40m    \e[0m\033[0;107m  \e[0m\033[0;40m    \e[0m\033[0;45m      \e[0m\033[0;40m  \e[0m\033[0;41m                                            \e[0m\033[0;43m    \e[0m\033[0;40m    \e[0m\033[0;44m          \e[0m\033[0;41m        \e[0m\033[0;44m    \e[0m\033[0;41m  \e[0m\033[0;44m    \e[0m\033[0;41m    \e[0m\033[0;43m    \e[0m\033[0;41m              \e[0m\n"
printf "\033[0;41m                   \e[0m\033[0;40m  \e[0m\033[0;45m           \e[0m\033[0;40m    \e[0m\033[0;41m      \e[0m\033[0;40m  \e[0m\033[0;107m  \e[0m\033[0;40m    \e[0m\033[0;45m      \e[0m\033[0;40m  \e[0m\033[0;41m                                            \e[0m\033[0;43m    \e[0m\033[0;40m  \e[0m\033[0;41m  \e[0m\033[0;44m      \e[0m\033[0;41m  \e[0m\033[0;44m                    \e[0m\033[0;41m    \e[0m\033[0;43m    \e[0m\033[0;41m              \e[0m\n"
printf "\033[0;41m                   \e[0m\033[0;40m  \e[0m\033[0;45m           \e[0m\033[0;107m  \e[0m\033[0;40m    \e[0m\033[0;41m  \e[0m\033[0;40m    \e[0m\033[0;107m  \e[0m\033[0;40m  \e[0m\033[0;45m        \e[0m\033[0;40m  \e[0m\033[0;41m                                          \e[0m\033[0;40m  \e[0m\033[0;43m    \e[0m\033[0;41m    \e[0m\033[0;44m          \e[0m\033[0;41m      \e[0m\033[0;44m            \e[0m\033[0;41m    \e[0m\033[0;43m    \e[0m\033[0;41m              \e[0m\n"
printf "\033[0;41m                   \e[0m\033[0;40m  \e[0m\033[0;45m       \e[0m\033[0;40m          \e[0m\033[0;107m  \e[0m\033[0;40m    \e[0m\033[0;40m  \e[0m\033[0;45m          \e[0m\033[0;40m  \e[0m\033[0;41m                                        \e[0m\033[0;40m      \e[0m\033[0;41m      \e[0m\033[0;44m    \e[0m\033[0;41m  \e[0m\033[0;44m        \e[0m\033[0;41m  \e[0m\033[0;44m    \e[0m\033[0;41m  \e[0m\033[0;44m      \e[0m\033[0;41m                      \e[0m\n"
printf "\033[0;41m                   \e[0m\033[0;40m  \e[0m\033[0;45m           \e[0m\033[0;107m              \e[0m\033[0;45m          \e[0m\033[0;40m  \e[0m\033[0;41m                                      \e[0m\033[0;40m      \e[0m\033[0;41m        \e[0m\033[0;44m      \e[0m\033[0;41m    \e[0m\033[0;44m        \e[0m\033[0;41m    \e[0m\033[0;44m      \e[0m\033[0;41m                      \e[0m\n"
printf "\033[0;41m                   \e[0m\033[0;40m  \e[0m\033[0;45m           \e[0m\033[0;107m              \e[0m\033[0;45m          \e[0m\033[0;40m  \e[0m\033[0;41m                                    \e[0m\033[0;100m    \e[0m\033[0;40m  \e[0m\033[0;41m          \e[0m\033[0;44m                            \e[0m\033[0;41m                      \e[0m\n"
printf "\033[0;41m                   \e[0m\033[0;40m  \e[0m\033[0;45m           \e[0m\033[0;107m              \e[0m\033[0;45m          \e[0m\033[0;40m  \e[0m\033[0;41m                                  \e[0m\033[0;100m        \e[0m\033[0;41m          \e[0m\033[0;44m        \e[0m\033[0;41m      \e[0m\033[0;44m        \e[0m\033[0;41m  \e[0m\033[0;44m    \e[0m\033[0;41m                      \e[0m\n"
printf "\033[0;41m                   \e[0m\033[0;40m  \e[0m\033[0;45m           \e[0m\033[0;107m            \e[0m\033[0;40m  \e[0m\033[0;45m          \e[0m\033[0;40m  \e[0m\033[0;41m                                \e[0m\033[0;100m            \e[0m\033[0;41m        \e[0m\033[0;44m        \e[0m\033[0;41m      \e[0m\033[0;44m      \e[0m\033[0;41m    \e[0m\033[0;44m    \e[0m\033[0;41m                      \e[0m\n"
printf "\033[0;41m                   \e[0m\033[0;40m  \e[0m\033[0;45m           \e[0m\033[0;107m    \e[0m\033[0;40m  \e[0m\033[0;107m  \e[0m\033[0;40m    \e[0m\033[0;43m  \e[0m\033[0;40m  \e[0m\033[0;45m        \e[0m\033[0;40m  \e[0m\033[0;41m                              \e[0m\033[0;100m                \e[0m\033[0;41m      \e[0m\033[0;44m          \e[0m\033[0;41m        \e[0m\033[0;44m          \e[0m\033[0;41m                      \e[0m\n"
printf "\033[0;41m                   \e[0m\033[0;40m  \e[0m\033[0;45m           \e[0m\033[0;107m  \e[0m\033[0;40m  \e[0m\033[0;43m  \e[0m\033[0;40m  \e[0m\033[0;43m    \e[0m\033[0;40m    \e[0m\033[0;45m      \e[0m\033[0;40m    \e[0m\033[0;41m                            \e[0m\033[0;100m                    \e[0m\033[0;41m    \e[0m\033[0;44m            \e[0m\033[0;41m      \e[0m\033[0;44m          \e[0m\033[0;41m                      \e[0m\n"
printf "\033[0;41m                   \e[0m\033[0;40m  \e[0m\033[0;45m           \e[0m\033[0;40m  \e[0m\033[0;43m  \e[0m\033[0;40m  \e[0m\033[0;43m  \e[0m\033[0;40m  \e[0m\033[0;43m    \e[0m\033[0;40m  \e[0m\033[0;45m    \e[0m\033[0;40m  \e[0m\033[0;107m  \e[0m\033[0;40m  \e[0m\033[0;41m                          \e[0m\033[0;100m                \e[0m\033[0;41m  \e[0m\033[0;100m  \e[0m\033[0;41m      \e[0m\033[0;44m            \e[0m\033[0;41m      \e[0m\033[0;44m          \e[0m\033[0;41m                      \e[0m\n"
printf "\033[0;41m                   \e[0m\033[0;40m  \e[0m\033[0;45m         \e[0m\033[0;40m  \e[0m\033[0;43m  \e[0m\033[0;40m      \e[0m\033[0;107m  \e[0m\033[0;40m    \e[0m\033[0;45m      \e[0m\033[0;40m  \e[0m\033[0;107m  \e[0m\033[0;40m  \e[0m\033[0;41m                        \e[0m\033[0;100m    \e[0m\033[0;40m  \e[0m\033[0;100m        \e[0m\033[0;41m  \e[0m\033[0;100m    \e[0m\033[0;41m        \e[0m\033[0;44m                            \e[0m\033[0;41m                      \e[0m\n"
printf "\033[0;41m                   \e[0m\033[0;40m  \e[0m\033[0;45m         \e[0m\033[0;40m    \e[0m\033[0;107m            \e[0m\033[0;45m    \e[0m\033[0;40m  \e[0m\033[0;107m  \e[0m\033[0;45m  \e[0m\033[0;40m  \e[0m\033[0;41m                        \e[0m\033[0;100m              \e[0m\033[0;41m    \e[0m\033[0;100m  \e[0m\033[0;41m        \e[0m\033[0;44m                            \e[0m\033[0;41m                      \e[0m\n"
printf "\033[0;41m                   \e[0m\033[0;40m  \e[0m\033[0;45m           \e[0m\033[0;107m              \e[0m\033[0;45m  \e[0m\033[0;40m  \e[0m\033[0;107m  \e[0m\033[0;45m  \e[0m\033[0;41m  \e[0m\033[0;40m  \e[0m\033[0;41m                          \e[0m\033[0;100m          \e[0m\033[0;41m  \e[0m\033[0;100m    \e[0m\033[0;41m          \e[0m\033[0;44m                            \e[0m\033[0;41m                      \e[0m\n"
printf "\033[0;41m                   \e[0m\033[0;40m  \e[0m\033[0;45m           \e[0m\033[0;107m  \e[0m\033[0;40m        \e[0m\033[0;107m    \e[0m\033[0;40m  \e[0m\033[0;107m  \e[0m\033[0;45m  \e[0m\033[0;41m    \e[0m\033[0;40m  \e[0m\033[0;41m                            \e[0m\033[0;100m            \e[0m\033[0;41m            \e[0m\033[0;44m                            \e[0m\033[0;41m                      \e[0m\n"
printf "\033[0;41m                   \e[0m\033[0;40m  \e[0m\033[0;45m           \e[0m\033[0;107m              \e[0m\033[0;40m  \e[0m\033[0;107m  \e[0m\033[0;45m  \e[0m\033[0;41m    \e[0m\033[0;40m  \e[0m\033[0;41m                              \e[0m\033[0;100m        \e[0m\033[0;41m              \e[0m\033[0;44m                            \e[0m\033[0;41m                      \e[0m\n"
printf "\033[0;41m                   \e[0m\033[0;40m  \e[0m\033[0;45m         \e[0m\033[0;40m                \e[0m\033[0;45m  \e[0m\033[0;40m  \e[0m\033[0;41m  \e[0m\033[0;40m  \e[0m\033[0;45m  \e[0m\033[0;40m  \e[0m\033[0;41m                                \e[0m\033[0;100m      \e[0m\033[0;41m              \e[0m\033[0;44m                            \e[0m\033[0;41m                      \e[0m\n"
printf "\033[0;41m                 \e[0m\033[0;40m  \e[0m\033[0;45m             \e[0m\033[0;107m              \e[0m\033[0;45m    \e[0m\033[0;40m  \e[0m\033[0;45m      \e[0m\033[0;40m  \e[0m\033[0;41m                                \e[0m\033[0;100m  \e[0m\033[0;41m                \e[0m\033[0;44m                            \e[0m\033[0;41m                      \e[0m\n"
printf "\033[0;41m                 \e[0m\033[0;40m  \e[0m\033[0;45m             \e[0m\033[0;107m              \e[0m\033[0;45m            \e[0m\033[0;40m  \e[0m\033[0;41m                                                  \e[0m\033[0;44m                            \e[0m\033[0;41m                      \e[0m\n"
printf "\033[0;41m                   \e[0m\033[0;40m                                       \e[0m\033[0;41m                                                    \e[0m\033[0;44m                            \e[0m\033[0;41m                      \e[0m\n"
printf "\033[0;41m                                                                                                              \e[0m\033[0;44m                            \e[0m\033[0;41m                      \e[0m\n"
printf "\n\n\033[0;36m█████████████████████████████████████████████████████████  😊 😊 😊  PENSEE DU JOUR POUR TE FAIRE SOURIRE  😊 😊 😊  ███████████████████████████████████████████\e[0m"
printf "\n\n\033[1;34mIf it bleeds 🩸, we can kill it 💀 !\n\n\e[0m"
printf "\033[0;33m============\e[0m"
printf "\e[38;5;227m============\e[0m"
printf "\e[38;5;228m============\e[0m"
printf "\e[38;5;229m============\e[0m"
printf "\e[38;5;230m============\e[0m"
printf "\e[38;5;231m============\n\e[0m"
printf "\033[0;32mLa vie passe, la moulinette trepasse !\n\n\e[0m"
printf "\033[0;95m<3 <3 \e[0m"
printf "\033[1;31mManu et Dim le sang\e[0m"
printf "\033[0;95m <3 <3 \n\e[0m"
make: Leaving directory '/mnt/nfs/homes/emtran/Desktop/42_cub3d'
 
